Arguments: 
  C:\Program Files\nodejs\node.exe C:\Program Files (x86)\Yarn\bin\yarn.js start

PATH: 
  C:\Users\Mike\bin;C:\Program Files\Git\mingw64\bin;C:\Program Files\Git\usr\local\bin;C:\Program Files\Git\usr\bin;C:\Program Files\Git\usr\bin;C:\Program Files\Git\mingw64\bin;C:\Program Files\Git\usr\bin;C:\Users\Mike\bin;C:\Program Files\Dell\DW WLAN Card;C:\Windows\system32;C:\Windows;C:\Windows\System32\Wbem;C:\Windows\System32\WindowsPowerShell\v1.0;C:\Anaconda3;C:\Anaconda3\Scripts;C:\Program Files\nodejs;C:\Program Files\Git\cmd;C:\Program Files (x86)\Yarn\bin;C:\sqlite,C;C:\Program Files\Git\Users\Mike\Python\Python37\Scripts;C:\Users\Mike\Python\Python37;C:\Users\Mike\AppData\Local\atom\bin;C:\Program Files\Microsoft VS Code\bin;C:\Users\Mike\AppData\Local\GitHubDesktop\bin;C:\Users\Mike\AppData\Roaming\npm;C:\Program Files\MongoDB\Server\3.6\bin;C:\Users\Mike\AppData\Local\Yarn\bin, C;C:\Program Files\Git\Python27\Scripts\pip3.exe, C;C:\Program Files\Git\Program Files\heroku\bin, C;C:\Program Files\Git\Users\Mike\sqlite3;C:\Program Files\Git\usr\bin\vendor_perl;C:\Program Files\Git\usr\bin\core_perl;C:\Python27

Yarn version: 
  1.5.1

Node version: 
  8.9.4

Platform: 
  win32 x64

npm manifest: 
  {
    "name": "@hashnode/mern-starter",
    "version": "2.4.0",
    "description": "Boilerplate project for building Isomorphic apps using React and Redux",
    "scripts": {
      "test": "cross-env NODE_ENV=test PORT=8080 MONGO_URL=mongodb://localhost:27017/mern-test node_modules/.bin/nyc node node_modules/ava/cli.js",
      "watch:test": "npm run test -- --watch",
      "cover": "nyc npm run test",
      "check-coverage": "nyc check-coverage --statements 100 --branches 100 --functions 100 --lines 100",
      "start": "cross-env BABEL_DISABLE_CACHE=1 NODE_ENV=development nodemon index.js",
      "start:prod": "cross-env NODE_ENV=production node index.js",
      "bs": "npm run clean && npm run build && npm run build:server && npm run start:prod",
      "build": "cross-env NODE_ENV=production webpack --config webpack.config.prod.js",
      "build:server": "cross-env NODE_ENV=production webpack --config webpack.config.server.js",
      "clean": "rimraf dist",
      "slate": "rimraf node_modules && npm install",
      "lint": "eslint client server"
    },
    "pre-commit": [
      "lint",
      "test"
    ],
    "repository": {
      "type": "git",
      "url": "git+https://github.com/Hashnode/mern-starter.git"
    },
    "bugs": {
      "url": "https://github.com/Hashnode/mern-starter/issues"
    },
    "homepage": "https://github.com/Hashnode/mern-starter#readme",
    "author": "Prashant Abhishek <prashant.abhishek7g@gmail.com>, Mayank Chandola <imayankchd@gmail.com>, Sandeep Panda <sandeep@hashnode.com>, Syed Fazle Rahman <fazle@hashnode.com>, Alkshendra Maurya <alkshendra@hashnode.com>",
    "license": "MIT",
    "dependencies": {
      "babel-core": "^6.26.0",
      "body-parser": "^1.15.1",
      "compression": "^1.6.2",
      "cross-env": "^1.0.8",
      "cuid": "^1.3.8",
      "express": "^4.13.4",
      "intl": "^1.2.4",
      "intl-locales-supported": "^1.0.0",
      "isomorphic-fetch": "^2.2.1",
      "limax": "^1.3.0",
      "mongoose": "^4.4.20",
      "react": "^15.1.0",
      "react-dom": "^15.1.0",
      "react-helmet": "^3.1.0",
      "react-intl": "^2.1.2",
      "react-redux": "^4.4.5",
      "react-router": "^2.4.1",
      "redux": "^3.5.2",
      "redux-thunk": "^2.1.0",
      "sanitize-html": "^1.11.4"
    },
    "devDependencies": {
      "ava": "^0.15.2",
      "babel-eslint": "^6.0.4",
      "babel-loader": "^7.1.2",
      "babel-plugin-webpack-loaders": "^0.9.0",
      "babel-polyfill": "^6.26.0",
      "babel-preset-es2015": "^6.9.0",
      "babel-preset-es2015-native-modules": "^6.6.0",
      "babel-preset-react": "^6.5.0",
      "babel-preset-react-optimize": "^1.0.1",
      "babel-preset-stage-0": "^6.5.0",
      "babel-register": "^6.26.0",
      "chai": "^3.5.0",
      "chunk-manifest-webpack-plugin": "^1.1.2",
      "coveralls": "^2.11.9",
      "css-loader": "^0.28.7",
      "css-modules-require-hook": "^4.2.2",
      "cssnano": "^3.7.0",
      "enzyme": "^2.3.0",
      "eslint": "^2.11.1",
      "eslint-config-airbnb": "^9.0.1",
      "eslint-plugin-ava": "^2.4.0",
      "eslint-plugin-import": "^1.8.1",
      "eslint-plugin-jsx-a11y": "^1.3.0",
      "eslint-plugin-react": "^5.1.1",
      "eventsource-polyfill": "^0.9.6",
      "extract-text-webpack-plugin": "^3.0.2",
      "file-loader": "^0.8.5",
      "jsdom": "^9.2.1",
      "mock-css-modules": "^1.0.0",
      "mockgoose": "^7.3.5",
      "nock": "^8.0.0",
      "nodemon": "^1.9.2",
      "null-loader": "^0.1.1",
      "nyc": "^6.4.4",
      "postcss-cssnext": "^2.6.0",
      "postcss-focus": "^1.0.0",
      "postcss-loader": "^2.0.9",
      "postcss-reporter": "^1.3.3",
      "pre-commit": "^1.1.3",
      "react-addons-test-utils": "^15.1.0",
      "react-hot-loader": "^3.0.0-beta.2",
      "redux-ava": "^2.0.0",
      "redux-devtools": "^3.3.1",
      "redux-devtools-dock-monitor": "^1.1.1",
      "redux-devtools-log-monitor": "^1.0.11",
      "rimraf": "^2.5.2",
      "sinon": "^1.17.4",
      "style-loader": "^0.19.1",
      "supertest": "^1.2.0",
      "url-loader": "^0.5.7",
      "webpack": "^3.10.0",
      "webpack-dev-middleware": "^1.12.2",
      "webpack-dev-server": "^2.9.7",
      "webpack-hot-middleware": "^2.21.0",
      "webpack-manifest-plugin": "^1.3.2",
      "webpack2-externals-plugin": "^1.0.0"
    },
    "engines": {
      "node": ">=6"
    },
    "ava": {
      "files": [
        "client/**/*.spec.js",
        "server/**/*.spec.js"
      ],
      "source": [
        "client/**/*.js",
        "server/**/*.js"
      ],
      "failFast": true,
      "babel": "inherit",
      "require": [
        "./server/util/setup-test-env.js"
      ]
    },
    "nyc": {
      "include": [
        "client/**/*.js",
        "server/**/*.js"
      ],
      "exclude": [
        "**/*.spec.js",
        "client/reducers.js",
        "client/store.js",
        "client/routes.js",
        "server/util/setup-test-env.js",
        "server/util/test-helpers.js",
        "server/config.js",
        "server/dummyData.js"
      ],
      "reporter": [
        "lcov",
        "text",
        "html"
      ]
    }
  }

yarn manifest: 
  No manifest

Lockfile: 
  No lockfile

Trace: 
  Error: Command failed.
  Exit code: 1
  Command: C:\Windows\system32\cmd.exe
  Arguments: /d /s /c cross-env BABEL_DISABLE_CACHE=1 NODE_ENV=development nodemon index.js
  Directory: C:\Users\Mike\heyteam
  Output:
  
      at ProcessTermError.MessageError (C:\Program Files (x86)\Yarn\lib\cli.js:186:110)
      at new ProcessTermError (C:\Program Files (x86)\Yarn\lib\cli.js:226:113)
      at ChildProcess.<anonymous> (C:\Program Files (x86)\Yarn\lib\cli.js:30281:17)
      at emitTwo (events.js:126:13)
      at ChildProcess.emit (events.js:214:7)
      at maybeClose (internal/child_process.js:925:16)
      at Process.ChildProcess._handle.onexit (internal/child_process.js:209:5)
